This file contains any messages produced by compilers while
running configure, to aid debugging if configure makes a mistake.

It was created by BigShell Grading Utilities configure 2024.5.21, which was
generated by GNU Autoconf 2.72.  Invocation command line was

  $ ../configure --prefix=/home/ryan/git/gradescope/bigshell

## --------- ##
## Platform. ##
## --------- ##

hostname = lg-gram-rg
uname -m = x86_64
uname -r = 6.9.1-arch1-1
uname -s = Linux
uname -v = #1 SMP PREEMPT_DYNAMIC Fri, 17 May 2024 16:56:38 +0000

/usr/bin/uname -p = unknown
/bin/uname -X     = unknown

/bin/arch              = unknown
/usr/bin/arch -k       = unknown
/usr/convex/getsysinfo = unknown
/usr/bin/hostinfo      = unknown
/bin/machine           = unknown
/usr/bin/oslevel       = unknown
/bin/universe          = unknown

PATH: /home/ryan/.local/sbin/
PATH: /home/ryan/.local/bin/
PATH: /usr/local/sbin/
PATH: /usr/local/bin/
PATH: /usr/bin/
PATH: /usr/lib/jvm/default/bin/
PATH: /usr/bin/site_perl/
PATH: /usr/bin/vendor_perl/
PATH: /usr/bin/core_perl/


## ----------- ##
## Core tests. ##
## ----------- ##

configure:2109: looking for aux files: compile missing install-sh
configure:2122:  trying ../
configure:2151:   ../compile found
configure:2151:   ../missing found
configure:2133:   ../install-sh found
configure:2282: checking for a BSD-compatible install
configure:2356: result: /usr/bin/install -c
configure:2367: checking whether build environment is sane
configure:2422: result: yes
configure:2583: checking for a race-free mkdir -p
configure:2626: result: /usr/bin/mkdir -p
configure:2633: checking for gawk
configure:2654: found /usr/bin/gawk
configure:2666: result: gawk
configure:2677: checking whether make sets $(MAKE)
configure:2701: result: yes
configure:2731: checking whether make supports nested variables
configure:2750: result: yes
configure:2960: checking for gcc
configure:2981: found /usr/bin/gcc
configure:2993: result: gcc
configure:3352: checking for C compiler version
configure:3361: gcc --version >&5
gcc (GCC) 14.1.1 20240507
Copyright (C) 2024 Free Software Foundation, Inc.
This is free software; see the source for copying conditions.  There is NO
warranty; not even for MERCHANTABILITY or FITNESS FOR A PARTICULAR PURPOSE.

configure:3372: $? = 0
configure:3361: gcc -v >&5
Using built-in specs.
COLLECT_GCC=gcc
COLLECT_LTO_WRAPPER=/usr/lib/gcc/x86_64-pc-linux-gnu/14.1.1/lto-wrapper
Target: x86_64-pc-linux-gnu
Configured with: /build/gcc/src/gcc/configure --enable-languages=ada,c,c++,d,fortran,go,lto,m2,objc,obj-c++,rust --enable-bootstrap --prefix=/usr --libdir=/usr/lib --libexecdir=/usr/lib --mandir=/usr/share/man --infodir=/usr/share/info --with-bugurl=https://gitlab.archlinux.org/archlinux/packaging/packages/gcc/-/issues --with-build-config=bootstrap-lto --with-linker-hash-style=gnu --with-system-zlib --enable-__cxa_atexit --enable-cet=auto --enable-checking=release --enable-clocale=gnu --enable-default-pie --enable-default-ssp --enable-gnu-indirect-function --enable-gnu-unique-object --enable-libstdcxx-backtrace --enable-link-serialization=1 --enable-linker-build-id --enable-lto --enable-multilib --enable-plugin --enable-shared --enable-threads=posix --disable-libssp --disable-libstdcxx-pch --disable-werror
Thread model: posix
Supported LTO compression algorithms: zlib zstd
gcc version 14.1.1 20240507 (GCC) 
configure:3372: $? = 0
configure:3361: gcc -V >&5
gcc: error: unrecognized command-line option '-V'
gcc: fatal error: no input files
compilation terminated.
configure:3372: $? = 1
configure:3361: gcc -qversion >&5
gcc: error: unrecognized command-line option '-qversion'; did you mean '--version'?
gcc: fatal error: no input files
compilation terminated.
configure:3372: $? = 1
configure:3361: gcc -version >&5
gcc: error: unrecognized command-line option '-version'
gcc: fatal error: no input files
compilation terminated.
configure:3372: $? = 1
configure:3392: checking whether the C compiler works
configure:3414: gcc    conftest.c  >&5
configure:3418: $? = 0
configure:3469: result: yes
configure:3473: checking for C compiler default output file name
configure:3475: result: a.out
configure:3481: checking for suffix of executables
configure:3488: gcc -o conftest    conftest.c  >&5
configure:3492: $? = 0
configure:3516: result: 
configure:3540: checking whether we are cross compiling
configure:3548: gcc -o conftest    conftest.c  >&5
configure:3552: $? = 0
configure:3559: ./conftest
configure:3563: $? = 0
configure:3578: result: no
configure:3584: checking for suffix of object files
configure:3607: gcc -c   conftest.c >&5
configure:3611: $? = 0
configure:3635: result: o
configure:3639: checking whether the compiler supports GNU C
configure:3659: gcc -c   conftest.c >&5
configure:3659: $? = 0
configure:3671: result: yes
configure:3682: checking whether gcc accepts -g
configure:3703: gcc -c -g  conftest.c >&5
configure:3703: $? = 0
configure:3750: result: yes
configure:3770: checking for gcc option to enable C11 features
configure:3785: gcc  -c -g -O2  conftest.c >&5
configure:3785: $? = 0
configure:3804: result: none needed
configure:3928: checking whether gcc understands -c and -o together
configure:3951: gcc -c conftest.c -o conftest2.o
configure:3954: $? = 0
configure:3951: gcc -c conftest.c -o conftest2.o
configure:3954: $? = 0
configure:3967: result: yes
configure:3987: checking whether make supports the include directive
configure:4002: make -f confmf.GNU && cat confinc.out
this is the am__doit target
configure:4005: $? = 0
configure:4024: result: yes (GNU style)
configure:4050: checking dependency style of gcc
configure:4163: result: gcc3
configure:4315: checking that generated files are newer than configure
configure:4321: result: done
configure:4344: creating ./config.status

## ---------------------- ##
## Running config.status. ##
## ---------------------- ##

This file was extended by BigShell Grading Utilities config.status 2024.5.21, which was
generated by GNU Autoconf 2.72.  Invocation command line was

  CONFIG_FILES    = 
  CONFIG_HEADERS  = 
  CONFIG_LINKS    = 
  CONFIG_COMMANDS = 
  $ ./config.status 

on lg-gram-rg

config.status:774: creating Makefile
config.status:774: creating src/Makefile
config.status:931: executing depfiles commands
config.status:1008: cd src       && sed -e '/# am--include-marker/d' Makefile         | make -f - am--depfiles
config.status:1013: $? = 0

## ---------------- ##
## Cache variables. ##
## ---------------- ##

ac_cv_c_compiler_gnu=yes
ac_cv_env_CC_set=
ac_cv_env_CC_value=
ac_cv_env_CFLAGS_set=
ac_cv_env_CFLAGS_value=
ac_cv_env_CPPFLAGS_set=
ac_cv_env_CPPFLAGS_value=
ac_cv_env_LDFLAGS_set=
ac_cv_env_LDFLAGS_value=
ac_cv_env_LIBS_set=
ac_cv_env_LIBS_value=
ac_cv_env_build_alias_set=
ac_cv_env_build_alias_value=
ac_cv_env_host_alias_set=
ac_cv_env_host_alias_value=
ac_cv_env_target_alias_set=
ac_cv_env_target_alias_value=
ac_cv_objext=o
ac_cv_path_install='/usr/bin/install -c'
ac_cv_path_mkdir=/usr/bin/mkdir
ac_cv_prog_AWK=gawk
ac_cv_prog_ac_ct_CC=gcc
ac_cv_prog_cc_c11=
ac_cv_prog_cc_g=yes
ac_cv_prog_cc_stdc=
ac_cv_prog_make_make_set=yes
am_cv_CC_dependencies_compiler_type=gcc3
am_cv_make_support_nested_variables=yes
am_cv_prog_cc_c_o=yes

## ----------------- ##
## Output variables. ##
## ----------------- ##

ACLOCAL='${SHELL} '\''/home/ryan/git/gradescope/bigshell/util/missing'\'' aclocal-1.16'
AMDEPBACKSLASH='\'
AMDEP_FALSE='#'
AMDEP_TRUE=''
AMTAR='$${TAR-tar}'
AM_BACKSLASH='\'
AM_DEFAULT_V='$(AM_DEFAULT_VERBOSITY)'
AM_DEFAULT_VERBOSITY='1'
AM_V='$(V)'
AUTOCONF='${SHELL} '\''/home/ryan/git/gradescope/bigshell/util/missing'\'' autoconf'
AUTOHEADER='${SHELL} '\''/home/ryan/git/gradescope/bigshell/util/missing'\'' autoheader'
AUTOMAKE='${SHELL} '\''/home/ryan/git/gradescope/bigshell/util/missing'\'' automake-1.16'
AWK='gawk'
CC='gcc'
CCDEPMODE='depmode=gcc3'
CFLAGS='-g -O2'
CPPFLAGS=''
CSCOPE='cscope'
CTAGS='ctags'
CYGPATH_W='echo'
DEFS='-DPACKAGE_NAME=\"BigShell\ Grading\ Utilities\" -DPACKAGE_TARNAME=\"bigshell_utils\" -DPACKAGE_VERSION=\"2024.5.21\" -DPACKAGE_STRING=\"BigShell\ Grading\ Utilities\ 2024.5.21\" -DPACKAGE_BUGREPORT=\"Ryan.Gambord@oregonstate.edu\" -DPACKAGE_URL=\"\" -DPACKAGE=\"bigshell_utils\" -DVERSION=\"2024.5.21\"'
DEPDIR='.deps'
ECHO_C=''
ECHO_N='-n'
ECHO_T=''
ETAGS='etags'
EXEEXT=''
INSTALL_DATA='${INSTALL} -m 644'
INSTALL_PROGRAM='${INSTALL}'
INSTALL_SCRIPT='${INSTALL}'
INSTALL_STRIP_PROGRAM='$(install_sh) -c -s'
LDFLAGS=''
LIBOBJS=''
LIBS=''
LTLIBOBJS=''
MAKEINFO='${SHELL} '\''/home/ryan/git/gradescope/bigshell/util/missing'\'' makeinfo'
MKDIR_P='/usr/bin/mkdir -p'
OBJEXT='o'
PACKAGE='bigshell_utils'
PACKAGE_BUGREPORT='Ryan.Gambord@oregonstate.edu'
PACKAGE_NAME='BigShell Grading Utilities'
PACKAGE_STRING='BigShell Grading Utilities 2024.5.21'
PACKAGE_TARNAME='bigshell_utils'
PACKAGE_URL=''
PACKAGE_VERSION='2024.5.21'
PATH_SEPARATOR=':'
SET_MAKE=''
SHELL='/bin/sh'
STRIP=''
VERSION='2024.5.21'
ac_ct_CC='gcc'
am__EXEEXT_FALSE=''
am__EXEEXT_TRUE='#'
am__fastdepCC_FALSE='#'
am__fastdepCC_TRUE=''
am__include='include'
am__isrc=' -I$(srcdir)'
am__leading_dot='.'
am__nodep='_no'
am__quote=''
am__tar='$${TAR-tar} chof - "$$tardir"'
am__untar='$${TAR-tar} xf -'
bindir='${exec_prefix}/bin'
build_alias=''
datadir='${datarootdir}'
datarootdir='${prefix}/share'
docdir='${datarootdir}/doc/${PACKAGE_TARNAME}'
dvidir='${docdir}'
exec_prefix='${prefix}'
host_alias=''
htmldir='${docdir}'
includedir='${prefix}/include'
infodir='${datarootdir}/info'
install_sh='${SHELL} /home/ryan/git/gradescope/bigshell/util/install-sh'
libdir='${exec_prefix}/lib'
libexecdir='${exec_prefix}/libexec'
localedir='${datarootdir}/locale'
localstatedir='${prefix}/var'
mandir='${datarootdir}/man'
mkdir_p='$(MKDIR_P)'
oldincludedir='/usr/include'
pdfdir='${docdir}'
prefix='/home/ryan/git/gradescope/bigshell'
program_transform_name='s,x,x,'
psdir='${docdir}'
runstatedir='${localstatedir}/run'
sbindir='${exec_prefix}/sbin'
sharedstatedir='${prefix}/com'
sysconfdir='${prefix}/etc'
target_alias=''

## ----------- ##
## confdefs.h. ##
## ----------- ##

/* confdefs.h */
#define PACKAGE_NAME "BigShell Grading Utilities"
#define PACKAGE_TARNAME "bigshell_utils"
#define PACKAGE_VERSION "2024.5.21"
#define PACKAGE_STRING "BigShell Grading Utilities 2024.5.21"
#define PACKAGE_BUGREPORT "Ryan.Gambord@oregonstate.edu"
#define PACKAGE_URL ""
#define PACKAGE "bigshell_utils"
#define VERSION "2024.5.21"

configure: exit 0
